<?xml version="1.0" encoding="UTF-8"?>
<!-- Generated by org.testng.reporters.JUnitXMLReporter -->
<testsuite ignored="0" hostname="LAPTOP-P0IKIE2B" failures="1" tests="2" name="OpenCartTest" time="40.287" errors="0" timestamp="2023-06-15T15:55:35 IST">
  <testcase classname="testCases.TC_001_AccountRegistrationTest" name="test_account_Registration" time="3.561"/>
  <testcase classname="testCases.TC_002_LoginTest" name="test_login" time="12.669">
    <failure type="java.lang.AssertionError" message="Invalid login data expected [true] but found [false]">
      <![CDATA[java.lang.AssertionError: Invalid login data expected [true] but found [false]
at testCases.TC_002_LoginTest.test_login(TC_002_LoginTest.java:39)
at java.base/java.util.ArrayList.forEach(ArrayList.java:1541)
... Removed 32 stack frames]]>
    </failure>
  </testcase> <!-- test_login -->
</testsuite> <!-- OpenCartTest -->
